<?xml version="1.0" encoding="UTF-8"?>
<testng-results skipped="0" failed="0" total="1" passed="1">
  <reporter-output>
    <line>
      <![CDATA[No of rows are::9]]>
    </line>
    <line>
      <![CDATA[Emp Creation successProxy element for: DefaultElementLocator 'By.name: employeeId'    [[ChromeDriver: chrome on WINDOWS (e71b7a88311f34928b64105129acd990)] -> id: personal_txtEmployeeId]]]>
    </line>
    <line>
      <![CDATA[Emp Creation successProxy element for: DefaultElementLocator 'By.name: employeeId'    [[ChromeDriver: chrome on WINDOWS (e71b7a88311f34928b64105129acd990)] -> id: personal_txtEmployeeId]]]>
    </line>
    <line>
      <![CDATA[Emp Creation successProxy element for: DefaultElementLocator 'By.name: employeeId'    [[ChromeDriver: chrome on WINDOWS (e71b7a88311f34928b64105129acd990)] -> id: personal_txtEmployeeId]]]>
    </line>
    <line>
      <![CDATA[Emp Creation successProxy element for: DefaultElementLocator 'By.name: employeeId'    [[ChromeDriver: chrome on WINDOWS (e71b7a88311f34928b64105129acd990)] -> id: personal_txtEmployeeId]]]>
    </line>
    <line>
      <![CDATA[Emp Creation successProxy element for: DefaultElementLocator 'By.name: employeeId'    [[ChromeDriver: chrome on WINDOWS (e71b7a88311f34928b64105129acd990)] -> id: personal_txtEmployeeId]]]>
    </line>
    <line>
      <![CDATA[Emp Creation successProxy element for: DefaultElementLocator 'By.name: employeeId'    [[ChromeDriver: chrome on WINDOWS (e71b7a88311f34928b64105129acd990)] -> id: personal_txtEmployeeId]]]>
    </line>
    <line>
      <![CDATA[Emp Creation successProxy element for: DefaultElementLocator 'By.name: employeeId'    [[ChromeDriver: chrome on WINDOWS (e71b7a88311f34928b64105129acd990)] -> id: personal_txtEmployeeId]]]>
    </line>
    <line>
      <![CDATA[Emp Creation successProxy element for: DefaultElementLocator 'By.name: employeeId'    [[ChromeDriver: chrome on WINDOWS (e71b7a88311f34928b64105129acd990)] -> id: personal_txtEmployeeId]]]>
    </line>
    <line>
      <![CDATA[Emp Creation successProxy element for: DefaultElementLocator 'By.name: employeeId'    [[ChromeDriver: chrome on WINDOWS (e71b7a88311f34928b64105129acd990)] -> id: personal_txtEmployeeId]]]>
    </line>
  </reporter-output>
  <suite name="Default suite" duration-ms="203330" started-at="2022-07-11T04:36:28Z" finished-at="2022-07-11T04:39:51Z">
    <groups>
    </groups>
    <test name="Default test" duration-ms="203330" started-at="2022-07-11T04:36:28Z" finished-at="2022-07-11T04:39:51Z">
      <class name="applicationLayer.POMDriverScripts">
        <test-method status="PASS" signature="adminLogin()[pri:0, instance:applicationLayer.POMDriverScripts@d8355a8]" name="adminLogin" is-config="true" duration-ms="9533" started-at="2022-07-11T10:06:28Z" finished-at="2022-07-11T10:06:37Z">
          <reporter-output>
          </reporter-output>
        </test-method> <!-- adminLogin -->
        <test-method status="PASS" signature="empCreation()[pri:0, instance:applicationLayer.POMDriverScripts@d8355a8]" name="empCreation" duration-ms="190345" started-at="2022-07-11T10:06:37Z" finished-at="2022-07-11T10:09:47Z">
          <reporter-output>
            <line>
              <![CDATA[No of rows are::9]]>
            </line>
            <line>
              <![CDATA[Emp Creation successProxy element for: DefaultElementLocator 'By.name: employeeId'    [[ChromeDriver: chrome on WINDOWS (e71b7a88311f34928b64105129acd990)] -> id: personal_txtEmployeeId]]]>
            </line>
            <line>
              <![CDATA[Emp Creation successProxy element for: DefaultElementLocator 'By.name: employeeId'    [[ChromeDriver: chrome on WINDOWS (e71b7a88311f34928b64105129acd990)] -> id: personal_txtEmployeeId]]]>
            </line>
            <line>
              <![CDATA[Emp Creation successProxy element for: DefaultElementLocator 'By.name: employeeId'    [[ChromeDriver: chrome on WINDOWS (e71b7a88311f34928b64105129acd990)] -> id: personal_txtEmployeeId]]]>
            </line>
            <line>
              <![CDATA[Emp Creation successProxy element for: DefaultElementLocator 'By.name: employeeId'    [[ChromeDriver: chrome on WINDOWS (e71b7a88311f34928b64105129acd990)] -> id: personal_txtEmployeeId]]]>
            </line>
            <line>
              <![CDATA[Emp Creation successProxy element for: DefaultElementLocator 'By.name: employeeId'    [[ChromeDriver: chrome on WINDOWS (e71b7a88311f34928b64105129acd990)] -> id: personal_txtEmployeeId]]]>
            </line>
            <line>
              <![CDATA[Emp Creation successProxy element for: DefaultElementLocator 'By.name: employeeId'    [[ChromeDriver: chrome on WINDOWS (e71b7a88311f34928b64105129acd990)] -> id: personal_txtEmployeeId]]]>
            </line>
            <line>
              <![CDATA[Emp Creation successProxy element for: DefaultElementLocator 'By.name: employeeId'    [[ChromeDriver: chrome on WINDOWS (e71b7a88311f34928b64105129acd990)] -> id: personal_txtEmployeeId]]]>
            </line>
            <line>
              <![CDATA[Emp Creation successProxy element for: DefaultElementLocator 'By.name: employeeId'    [[ChromeDriver: chrome on WINDOWS (e71b7a88311f34928b64105129acd990)] -> id: personal_txtEmployeeId]]]>
            </line>
            <line>
              <![CDATA[Emp Creation successProxy element for: DefaultElementLocator 'By.name: employeeId'    [[ChromeDriver: chrome on WINDOWS (e71b7a88311f34928b64105129acd990)] -> id: personal_txtEmployeeId]]]>
            </line>
          </reporter-output>
        </test-method> <!-- empCreation -->
        <test-method status="PASS" signature="logoutapp()[pri:0, instance:applicationLayer.POMDriverScripts@d8355a8]" name="logoutapp" is-config="true" duration-ms="3433" started-at="2022-07-11T10:09:47Z" finished-at="2022-07-11T10:09:51Z">
          <reporter-output>
          </reporter-output>
        </test-method> <!-- logoutapp -->
      </class> <!-- applicationLayer.POMDriverScripts -->
    </test> <!-- Default test -->
  </suite> <!-- Default suite -->
</testng-results>
